<?xml version="1.0" encoding="UTF-8"?>
<!-- Generated by org.testng.reporters.JUnitXMLReporter -->
<testsuite hostname="Megha" name="LeedonlineApi" tests="29" failures="6" timestamp="12 Jul 2018 19:25:41 GMT" time="35.558" errors="0">
  <testcase name="Post_Api_authenticate" time="3.781" classname="com.leedonline.testcases.Post_Api_authenticateTest"/>
  <testcase name="Get_Files_filesGetList" time="1.472" classname="com.leedonline.testcases.Get_Files_filesGetListTest"/>
  <testcase name="Get_LEED_projectDownload" time="0.597" classname="com.leedonline.testcases.Get_LEED_projectDownloadTest">
    <failure type="java.lang.AssertionError" message="1 expectation failed.
Expected status code &amp;lt;200&amp;gt; doesn&amp;apos;t match actual status code &amp;lt;400&amp;gt;.
">
      <![CDATA[java.lang.AssertionError: 1 expectation failed.
Expected status code <200> doesn't match actual status code <400>.

	at org.codehaus.groovy.runtime.callsite.ConstructorSite$ConstructorSiteNoUnwrap.callConstructor(ConstructorSite.java:84)
	at org.codehaus.groovy.runtime.callsite.CallSiteArray.defaultCallConstructor(CallSiteArray.java:60)
	at org.codehaus.groovy.runtime.callsite.AbstractCallSite.callConstructor(AbstractCallSite.java:235)
	at org.codehaus.groovy.runtime.callsite.AbstractCallSite.callConstructor(AbstractCallSite.java:247)
	at com.jayway.restassured.internal.ResponseSpecificationImpl$HamcrestAssertionClosure.validate(ResponseSpecificationImpl.groovy:598)
	at com.jayway.restassured.internal.ResponseSpecificationImpl$HamcrestAssertionClosure$validate$1.call(Unknown Source)
	at com.jayway.restassured.internal.ResponseSpecificationImpl.validateResponseIfRequired(ResponseSpecificationImpl.groovy:760)
	at org.codehaus.groovy.runtime.callsite.PogoMetaMethodSite$PogoCachedMethodSiteNoUnwrapNoCoerce.invoke(PogoMetaMethodSite.java:210)
	at org.codehaus.groovy.runtime.callsite.PogoMetaMethodSite.callCurrent(PogoMetaMethodSite.java:59)
	at org.codehaus.groovy.runtime.callsite.AbstractCallSite.callCurrent(AbstractCallSite.java:166)
	at com.jayway.restassured.internal.ResponseSpecificationImpl.statusCode(ResponseSpecificationImpl.groovy:120)
	at com.jayway.restassured.specification.ResponseSpecification$statusCode$0.callCurrent(Unknown Source)
	at com.jayway.restassured.internal.ResponseSpecificationImpl.statusCode(ResponseSpecificationImpl.groovy:128)
	at com.jayway.restassured.internal.ValidatableResponseOptionsImpl.statusCode(ValidatableResponseOptionsImpl.java:117)
	at com.leedonline.testcases.Get_LEED_projectDownloadTest.Get_LEED_projectDownload(Get_LEED_projectDownloadTest.java:55)
... Removed 34 stack frames]]>
    </failure>
  </testcase> <!-- Get_LEED_projectDownload -->
  <testcase name="Get_Files_getDownloadUrl" time="0.57" classname="com.leedonline.testcases.Get_Files_getDownloadUrlTest"/>
  <testcase name="Get_Api_memberGetInfo" time="0.482" classname="com.leedonline.testcases.Get_Api_memberGetInfoTest"/>
  <testcase name="Get_LEED_getInfo" time="0.52" classname="com.leedonline.testcases.Get_LEED_getInfoTest"/>
  <testcase name="Get_LEED_projectMoreInfo" time="1.597" classname="com.leedonline.testcases.Get_LEED_projectMoreInfoTest"/>
  <testcase name="Get_LEED_projectsGetList" time="0.93" classname="com.leedonline.testcases.Get_LEED_projectsGetListTest"/>
  <testcase name="Get_LEED_projectDetails" time="0.873" classname="com.leedonline.testcases.Get_LEED_projectDetailsTest">
    <failure type="java.lang.AssertionError" message="1 expectation failed.
Expected status code &amp;lt;200&amp;gt; doesn&amp;apos;t match actual status code &amp;lt;404&amp;gt;.
">
      <![CDATA[java.lang.AssertionError: 1 expectation failed.
Expected status code <200> doesn't match actual status code <404>.

	at org.codehaus.groovy.runtime.callsite.ConstructorSite$ConstructorSiteNoUnwrap.callConstructor(ConstructorSite.java:84)
	at org.codehaus.groovy.runtime.callsite.AbstractCallSite.callConstructor(AbstractCallSite.java:247)
	at com.jayway.restassured.internal.ResponseSpecificationImpl$HamcrestAssertionClosure.validate(ResponseSpecificationImpl.groovy:598)
	at com.jayway.restassured.internal.ResponseSpecificationImpl$HamcrestAssertionClosure$validate$1.call(Unknown Source)
	at com.jayway.restassured.internal.ResponseSpecificationImpl.validateResponseIfRequired(ResponseSpecificationImpl.groovy:760)
	at org.codehaus.groovy.runtime.callsite.PogoMetaMethodSite$PogoCachedMethodSiteNoUnwrapNoCoerce.invoke(PogoMetaMethodSite.java:210)
	at org.codehaus.groovy.runtime.callsite.PogoMetaMethodSite.callCurrent(PogoMetaMethodSite.java:59)
	at org.codehaus.groovy.runtime.callsite.AbstractCallSite.callCurrent(AbstractCallSite.java:166)
	at com.jayway.restassured.internal.ResponseSpecificationImpl.statusCode(ResponseSpecificationImpl.groovy:120)
	at com.jayway.restassured.specification.ResponseSpecification$statusCode$0.callCurrent(Unknown Source)
	at com.jayway.restassured.internal.ResponseSpecificationImpl.statusCode(ResponseSpecificationImpl.groovy:128)
	at com.jayway.restassured.internal.ValidatableResponseOptionsImpl.statusCode(ValidatableResponseOptionsImpl.java:117)
	at com.leedonline.testcases.Get_LEED_projectDetailsTest.Get_LEED_projectDetails(Get_LEED_projectDetailsTest.java:50)
... Removed 33 stack frames]]>
    </failure>
  </testcase> <!-- Get_LEED_projectDetails -->
  <testcase name="GetCreditType" time="0.992" classname="com.leedonline.testcases.Get_LEED_getCreditsTest">
    <failure type="java.lang.AssertionError" message="1 expectation failed.
Expected status code &amp;lt;200&amp;gt; doesn&amp;apos;t match actual status code &amp;lt;404&amp;gt;.
">
      <![CDATA[java.lang.AssertionError: 1 expectation failed.
Expected status code <200> doesn't match actual status code <404>.

	at org.codehaus.groovy.runtime.callsite.ConstructorSite$ConstructorSiteNoUnwrap.callConstructor(ConstructorSite.java:84)
	at org.codehaus.groovy.runtime.callsite.AbstractCallSite.callConstructor(AbstractCallSite.java:247)
	at com.jayway.restassured.internal.ResponseSpecificationImpl$HamcrestAssertionClosure.validate(ResponseSpecificationImpl.groovy:598)
	at com.jayway.restassured.internal.ResponseSpecificationImpl$HamcrestAssertionClosure$validate$1.call(Unknown Source)
	at com.jayway.restassured.internal.ResponseSpecificationImpl.validateResponseIfRequired(ResponseSpecificationImpl.groovy:760)
	at org.codehaus.groovy.runtime.callsite.PogoMetaMethodSite$PogoCachedMethodSiteNoUnwrapNoCoerce.invoke(PogoMetaMethodSite.java:210)
	at org.codehaus.groovy.runtime.callsite.PogoMetaMethodSite.callCurrent(PogoMetaMethodSite.java:59)
	at org.codehaus.groovy.runtime.callsite.AbstractCallSite.callCurrent(AbstractCallSite.java:166)
	at com.jayway.restassured.internal.ResponseSpecificationImpl.statusCode(ResponseSpecificationImpl.groovy:120)
	at com.jayway.restassured.specification.ResponseSpecification$statusCode$0.callCurrent(Unknown Source)
	at com.jayway.restassured.internal.ResponseSpecificationImpl.statusCode(ResponseSpecificationImpl.groovy:128)
	at com.jayway.restassured.internal.ValidatableResponseOptionsImpl.statusCode(ValidatableResponseOptionsImpl.java:117)
	at com.leedonline.testcases.Get_LEED_getCreditsTest.GetCreditType(Get_LEED_getCreditsTest.java:50)
... Removed 33 stack frames]]>
    </failure>
  </testcase> <!-- GetCreditType -->
  <testcase name="Get_LEED_getInterpretation" time="0.915" classname="com.leedonline.testcases.Get_LEED_getInterpretationTest">
    <failure type="java.lang.AssertionError" message="1 expectation failed.
Expected status code &amp;lt;200&amp;gt; doesn&amp;apos;t match actual status code &amp;lt;404&amp;gt;.
">
      <![CDATA[java.lang.AssertionError: 1 expectation failed.
Expected status code <200> doesn't match actual status code <404>.

	at org.codehaus.groovy.runtime.callsite.ConstructorSite$ConstructorSiteNoUnwrap.callConstructor(ConstructorSite.java:84)
	at org.codehaus.groovy.runtime.callsite.AbstractCallSite.callConstructor(AbstractCallSite.java:247)
	at com.jayway.restassured.internal.ResponseSpecificationImpl$HamcrestAssertionClosure.validate(ResponseSpecificationImpl.groovy:598)
	at com.jayway.restassured.internal.ResponseSpecificationImpl$HamcrestAssertionClosure$validate$1.call(Unknown Source)
	at com.jayway.restassured.internal.ResponseSpecificationImpl.validateResponseIfRequired(ResponseSpecificationImpl.groovy:760)
	at org.codehaus.groovy.runtime.callsite.PogoMetaMethodSite$PogoCachedMethodSiteNoUnwrapNoCoerce.invoke(PogoMetaMethodSite.java:210)
	at org.codehaus.groovy.runtime.callsite.PogoMetaMethodSite.callCurrent(PogoMetaMethodSite.java:59)
	at org.codehaus.groovy.runtime.callsite.AbstractCallSite.callCurrent(AbstractCallSite.java:166)
	at com.jayway.restassured.internal.ResponseSpecificationImpl.statusCode(ResponseSpecificationImpl.groovy:120)
	at com.jayway.restassured.specification.ResponseSpecification$statusCode$0.callCurrent(Unknown Source)
	at com.jayway.restassured.internal.ResponseSpecificationImpl.statusCode(ResponseSpecificationImpl.groovy:128)
	at com.jayway.restassured.internal.ValidatableResponseOptionsImpl.statusCode(ValidatableResponseOptionsImpl.java:117)
	at com.leedonline.testcases.Get_LEED_getInterpretationTest.Get_LEED_getInterpretation(Get_LEED_getInterpretationTest.java:50)
... Removed 33 stack frames]]>
    </failure>
  </testcase> <!-- Get_LEED_getInterpretation -->
  <testcase name="Get_LEED_getClarifications" time="0.74" classname="com.leedonline.testcases.Get_LEED_getClarificationTest">
    <failure type="java.lang.AssertionError" message="1 expectation failed.
Expected status code &amp;lt;200&amp;gt; doesn&amp;apos;t match actual status code &amp;lt;404&amp;gt;.
">
      <![CDATA[java.lang.AssertionError: 1 expectation failed.
Expected status code <200> doesn't match actual status code <404>.

	at org.codehaus.groovy.runtime.callsite.ConstructorSite$ConstructorSiteNoUnwrap.callConstructor(ConstructorSite.java:84)
	at org.codehaus.groovy.runtime.callsite.AbstractCallSite.callConstructor(AbstractCallSite.java:247)
	at com.jayway.restassured.internal.ResponseSpecificationImpl$HamcrestAssertionClosure.validate(ResponseSpecificationImpl.groovy:598)
	at com.jayway.restassured.internal.ResponseSpecificationImpl$HamcrestAssertionClosure$validate$1.call(Unknown Source)
	at com.jayway.restassured.internal.ResponseSpecificationImpl.validateResponseIfRequired(ResponseSpecificationImpl.groovy:760)
	at org.codehaus.groovy.runtime.callsite.PogoMetaMethodSite$PogoCachedMethodSiteNoUnwrapNoCoerce.invoke(PogoMetaMethodSite.java:210)
	at org.codehaus.groovy.runtime.callsite.PogoMetaMethodSite.callCurrent(PogoMetaMethodSite.java:59)
	at org.codehaus.groovy.runtime.callsite.AbstractCallSite.callCurrent(AbstractCallSite.java:166)
	at com.jayway.restassured.internal.ResponseSpecificationImpl.statusCode(ResponseSpecificationImpl.groovy:120)
	at com.jayway.restassured.specification.ResponseSpecification$statusCode$0.callCurrent(Unknown Source)
	at com.jayway.restassured.internal.ResponseSpecificationImpl.statusCode(ResponseSpecificationImpl.groovy:128)
	at com.jayway.restassured.internal.ValidatableResponseOptionsImpl.statusCode(ValidatableResponseOptionsImpl.java:117)
	at com.leedonline.testcases.Get_LEED_getClarificationTest.Get_LEED_getClarifications(Get_LEED_getClarificationTest.java:50)
... Removed 33 stack frames]]>
    </failure>
  </testcase> <!-- Get_LEED_getClarifications -->
  <testcase name="Get_Common_getCountriesAndStates" time="0.716" classname="com.leedonline.testcases.Get_Common_getCountriesAndStatesTest"/>
  <testcase name="Get_LEEDPricing_downloadUploadedExcelTest" time="0.709" classname="com.leedonline.testcases.Get_LEEDPricing_downloadUploadedExcelTest"/>
  <testcase name="Get_Payments_search" time="0.591" classname="com.leedonline.testcases.Get_Payments_searchTest"/>
  <testcase name="Get_Files_dmsProxy" time="0.613" classname="com.leedonline.testcases.Get_Files_dmsProxyTest"/>
  <testcase name="Get_Payments_programPayment" time="1.063" classname="com.leedonline.testcases.Get_Payments_programPaymentTest"/>
  <testcase name="Get_Payments_getInfo" time="0.745" classname="com.leedonline.testcases.Get_Payments_getInfoTest"/>
  <testcase name="Get_Api_getNonce" time="0.702" classname="com.leedonline.testcases.Get_Api_getNonceTest"/>
  <testcase name="Post_Files_filesUpload" time="2.384" classname="com.leedonline.testcases.Post_Files_filesUploadTest"/>
  <testcase name="Post_Common_validateSdnStatus" time="1.376" classname="com.leedonline.testcases.Post_Common_validateSdnStatusTest"/>
  <testcase name="Post_Common_validateCaGBCMember" time="1.272" classname="com.leedonline.testcases.Post_Common_validateCaGBCMemberTest"/>
  <testcase name="Post_Common_validatePostalCode" time="0.876" classname="com.leedonline.testcases.Post_Common_validatePostalCodeTest"/>
  <testcase name="Put_LEED_projectDetails" time="1.225" classname="com.leedonline.testcases.Put_LEED_projectDetailsTest">
    <failure type="java.lang.AssertionError" message="1 expectation failed.
Expected status code &amp;lt;200&amp;gt; doesn&amp;apos;t match actual status code &amp;lt;404&amp;gt;.
">
      <![CDATA[java.lang.AssertionError: 1 expectation failed.
Expected status code <200> doesn't match actual status code <404>.

	at org.codehaus.groovy.runtime.callsite.ConstructorSite$ConstructorSiteNoUnwrap.callConstructor(ConstructorSite.java:84)
	at org.codehaus.groovy.runtime.callsite.AbstractCallSite.callConstructor(AbstractCallSite.java:247)
	at com.jayway.restassured.internal.ResponseSpecificationImpl$HamcrestAssertionClosure.validate(ResponseSpecificationImpl.groovy:598)
	at com.jayway.restassured.internal.ResponseSpecificationImpl$HamcrestAssertionClosure$validate$1.call(Unknown Source)
	at com.jayway.restassured.internal.ResponseSpecificationImpl.validateResponseIfRequired(ResponseSpecificationImpl.groovy:760)
	at org.codehaus.groovy.runtime.callsite.PogoMetaMethodSite$PogoCachedMethodSiteNoUnwrapNoCoerce.invoke(PogoMetaMethodSite.java:210)
	at org.codehaus.groovy.runtime.callsite.PogoMetaMethodSite.callCurrent(PogoMetaMethodSite.java:59)
	at org.codehaus.groovy.runtime.callsite.AbstractCallSite.callCurrent(AbstractCallSite.java:166)
	at com.jayway.restassured.internal.ResponseSpecificationImpl.statusCode(ResponseSpecificationImpl.groovy:120)
	at com.jayway.restassured.specification.ResponseSpecification$statusCode$0.callCurrent(Unknown Source)
	at com.jayway.restassured.internal.ResponseSpecificationImpl.statusCode(ResponseSpecificationImpl.groovy:128)
	at com.jayway.restassured.internal.ValidatableResponseOptionsImpl.statusCode(ValidatableResponseOptionsImpl.java:117)
	at com.leedonline.testcases.Put_LEED_projectDetailsTest.Put_LEED_projectDetails(Put_LEED_projectDetailsTest.java:76)
... Removed 33 stack frames]]>
    </failure>
  </testcase> <!-- Put_LEED_projectDetails -->
  <testcase name="Put_Files_UpdateLinkedIdInfo" time="0.757" classname="com.leedonline.testcases.Put_Files_UpdateLinkedIdInfoTest"/>
  <testcase name="Put_Payments_sendTransactionDataToSap" time="1.066" classname="com.leedonline.testcases.Put_Payments_sendTransactionDataToSapTest"/>
  <testcase name="Delete_Files_deleteFiles" time="0.972" classname="com.leedonline.testcases.Delete_Files_deleteFilesTest"/>
  <testcase name="Get_Api_invalidateToken" time="0.797" classname="com.leedonline.testcases.Get_Api_invalidateTokenTest"/>
  <testcase name="Get_Api_getClientKey" time="1.244" classname="com.leedonline.testcases.Get_Api_getClientKeyTest"/>
</testsuite> <!-- LeedonlineApi -->
