<?xml version="1.0" encoding="UTF-8"?>
<!-- Generated by org.testng.reporters.JUnitXMLReporter -->
<testsuite hostname="Megha" name="LeedonlineApi" tests="40" failures="2" timestamp="19 Jun 2018 00:02:44 GMT" time="26.375" errors="0">
  <testcase name="PostAuthenticateApi" time="2.967" classname="com.leedonline.testcases.PostAuthenticateApiTest"/>
  <testcase name="GetFilesList" time="1.215" classname="com.leedonline.testcases.GetFilesListTest"/>
  <testcase name="GetFileDownloadUrl" time="0.279" classname="com.leedonline.testcases.GetFileDownloadUrlTest"/>
  <testcase name="GetMemInfoApi" time="0.327" classname="com.leedonline.testcases.GetMemInfoApiTest"/>
  <testcase name="GetMemSyncApi" time="0.827" classname="com.leedonline.testcases.GetMemSyncApiTest">
    <failure type="java.lang.AssertionError" message="1 expectation failed.
Expected status code &amp;lt;200&amp;gt; doesn&amp;apos;t match actual status code &amp;lt;403&amp;gt;.
">
      <![CDATA[java.lang.AssertionError: 1 expectation failed.
Expected status code <200> doesn't match actual status code <403>.

	at org.codehaus.groovy.runtime.callsite.ConstructorSite$ConstructorSiteNoUnwrap.callConstructor(ConstructorSite.java:84)
	at org.codehaus.groovy.runtime.callsite.CallSiteArray.defaultCallConstructor(CallSiteArray.java:60)
	at org.codehaus.groovy.runtime.callsite.AbstractCallSite.callConstructor(AbstractCallSite.java:235)
	at org.codehaus.groovy.runtime.callsite.AbstractCallSite.callConstructor(AbstractCallSite.java:247)
	at com.jayway.restassured.internal.ResponseSpecificationImpl$HamcrestAssertionClosure.validate(ResponseSpecificationImpl.groovy:598)
	at com.jayway.restassured.internal.ResponseSpecificationImpl$HamcrestAssertionClosure$validate$1.call(Unknown Source)
	at com.jayway.restassured.internal.ResponseSpecificationImpl.validateResponseIfRequired(ResponseSpecificationImpl.groovy:760)
	at org.codehaus.groovy.runtime.callsite.PogoMetaMethodSite$PogoCachedMethodSiteNoUnwrapNoCoerce.invoke(PogoMetaMethodSite.java:210)
	at org.codehaus.groovy.runtime.callsite.PogoMetaMethodSite.callCurrent(PogoMetaMethodSite.java:59)
	at org.codehaus.groovy.runtime.callsite.AbstractCallSite.callCurrent(AbstractCallSite.java:166)
	at com.jayway.restassured.internal.ResponseSpecificationImpl.statusCode(ResponseSpecificationImpl.groovy:120)
	at com.jayway.restassured.specification.ResponseSpecification$statusCode$0.callCurrent(Unknown Source)
	at com.jayway.restassured.internal.ResponseSpecificationImpl.statusCode(ResponseSpecificationImpl.groovy:128)
	at com.jayway.restassured.internal.ValidatableResponseOptionsImpl.statusCode(ValidatableResponseOptionsImpl.java:117)
	at com.leedonline.testcases.GetMemSyncApiTest.GetMemSyncApi(GetMemSyncApiTest.java:42)
... Removed 34 stack frames]]>
    </failure>
  </testcase> <!-- GetMemSyncApi -->
  <testcase name="GetLeedInfo" time="0.315" classname="com.leedonline.testcases.GetLeedInfoTest"/>
  <testcase name="GetLeedProjectsList" time="0.288" classname="com.leedonline.testcases.GetLeedProjectsListTest"/>
  <testcase name="GetLeedMoreInfo" time="0.617" classname="com.leedonline.testcases.GetLeedMoreInfoTest"/>
  <testcase name="GetProjectListType" time="0.473" classname="com.leedonline.testcases.GetLeedProjectListTypeTest"/>
  <testcase name="GetProjectDetailsType" time="0.262" classname="com.leedonline.testcases.GetLeedProjectDetailsTypeTest"/>
  <testcase name="GetCreditType" time="0.273" classname="com.leedonline.testcases.GetCreditTypeTest"/>
  <testcase name="GetInterpretationTypeTest" time="0.248" classname="com.leedonline.testcases.GetInterpretationTypeTest"/>
  <testcase name="GetClarificationType" time="0.237" classname="com.leedonline.testcases.GetClarificationTypeTest"/>
  <testcase name="GetCountryAndStates" time="0.266" classname="com.leedonline.testcases.GetCountryAndStateTest"/>
  <testcase name="GetTaxForAmount" time="0.334" classname="com.leedonline.testcases.GetTaxForAmountTest"/>
  <testcase name="GetPriceReleatedInfo" time="0.29" classname="com.leedonline.testcases.GetPriceReleatedInfoTest"/>
  <testcase name="GetApiTestAccessData" time="0.256" classname="com.leedonline.testcases.GetApiTestAccessDataTest"/>
  <testcase name="GetLeedPricingDefaultVersion" time="0.205" classname="com.leedonline.testcases.GetLeedPricingDefaultVersionTest"/>
  <testcase name="GetLeedPricingVersionPricesInfo" time="0.257" classname="com.leedonline.testcases.GetLeedPricingVersionPricesInfoTest"/>
  <testcase name="GetLeedPricingPriceVersionInfo" time="0.223" classname="com.leedonline.testcases.GetLeedPricingPriceVersionInfoTest"/>
  <testcase name="GetLeedPricingDownloadUploadedExcel" time="0.204" classname="com.leedonline.testcases.GetLeedPricingDownloadUploadedExcelTest"/>
  <testcase name="GetPaymentSearch" time="0.219" classname="com.leedonline.testcases.GetPaymentSearchTest"/>
  <testcase name="GetFileDmsProxy" time="0.21" classname="com.leedonline.testcases.GetFileDmsProxyTest"/>
  <testcase name="GetLeedProjectDownload" time="0.204" classname="com.leedonline.testcases.GetLeedProjectDownloadTest">
    <failure type="java.lang.AssertionError" message="1 expectation failed.
Expected status code &amp;lt;200&amp;gt; doesn&amp;apos;t match actual status code &amp;lt;400&amp;gt;.
">
      <![CDATA[java.lang.AssertionError: 1 expectation failed.
Expected status code <200> doesn't match actual status code <400>.

	at org.codehaus.groovy.runtime.callsite.ConstructorSite$ConstructorSiteNoUnwrap.callConstructor(ConstructorSite.java:84)
	at org.codehaus.groovy.runtime.callsite.AbstractCallSite.callConstructor(AbstractCallSite.java:247)
	at com.jayway.restassured.internal.ResponseSpecificationImpl$HamcrestAssertionClosure.validate(ResponseSpecificationImpl.groovy:598)
	at com.jayway.restassured.internal.ResponseSpecificationImpl$HamcrestAssertionClosure$validate$1.call(Unknown Source)
	at com.jayway.restassured.internal.ResponseSpecificationImpl.validateResponseIfRequired(ResponseSpecificationImpl.groovy:760)
	at org.codehaus.groovy.runtime.callsite.PogoMetaMethodSite$PogoCachedMethodSiteNoUnwrapNoCoerce.invoke(PogoMetaMethodSite.java:210)
	at org.codehaus.groovy.runtime.callsite.PogoMetaMethodSite.callCurrent(PogoMetaMethodSite.java:59)
	at org.codehaus.groovy.runtime.callsite.AbstractCallSite.callCurrent(AbstractCallSite.java:166)
	at com.jayway.restassured.internal.ResponseSpecificationImpl.statusCode(ResponseSpecificationImpl.groovy:120)
	at com.jayway.restassured.specification.ResponseSpecification$statusCode$0.callCurrent(Unknown Source)
	at com.jayway.restassured.internal.ResponseSpecificationImpl.statusCode(ResponseSpecificationImpl.groovy:128)
	at com.jayway.restassured.internal.ValidatableResponseOptionsImpl.statusCode(ValidatableResponseOptionsImpl.java:117)
	at com.leedonline.testcases.GetLeedProjectDownloadTest.GetLeedProjectDownload(GetLeedProjectDownloadTest.java:47)
... Removed 33 stack frames]]>
    </failure>
  </testcase> <!-- GetLeedProjectDownload -->
  <testcase name="GetPaymentsProgramPayment" time="0.468" classname="com.leedonline.testcases.GetPaymentsProgramPaymentTest"/>
  <testcase name="GetPaymentInfo" time="0.296" classname="com.leedonline.testcases.GetPaymentsInfoTest"/>
  <testcase name="GetNonceApi" time="0.307" classname="com.leedonline.testcases.GetNonceApiTest"/>
  <testcase name="PostFileUpload" time="0.136" classname="com.leedonline.testcases.PostFileUploadTest"/>
  <testcase name="PostApiTestAccessData" time="0.671" classname="com.leedonline.testcases.PostApiTestAccessDataTest"/>
  <testcase name="PostValidateSdnStatus" time="1.05" classname="com.leedonline.testcases.PostValidateSdnStatusTest"/>
  <testcase name="PostValidateCaGBCMember" time="0.78" classname="com.leedonline.testcases.PostValidateCaGBCMemberTest"/>
  <testcase name="PostValidatePostalCode" time="0.477" classname="com.leedonline.testcases.PostValidatePostalCodeTest"/>
  <testcase name="putApiTestAccess" time="0.344" classname="com.leedonline.testcases.PutApiTestAccessDataTest"/>
  <testcase name="putApiProjectDetails" time="1.211" classname="com.leedonline.testcases.PutLeedProjectDetailsTest"/>
  <testcase name="putFileUpdateLinkedIdInfo" time="0.338" classname="com.leedonline.testcases.PutFileUpdateLinkedIdInfoTest"/>
  <testcase name="PutPaymentsSendTransactionDataToSap" time="0.478" classname="com.leedonline.testcases.PutPaymentsSendTransactionDataToSapTest"/>
  <testcase name="deleteApiTestAccessData" time="0.259" classname="com.leedonline.testcases.DeleteApiTestAccessDataTest"/>
  <testcase name="deleteFile" time="0.227" classname="com.leedonline.testcases.DeleteFileTest"/>
  <testcase name="GetInvalidateTokenApi" time="0.259" classname="com.leedonline.testcases.GetInvalidateTokenApiTest"/>
  <testcase name="GetClientKey" time="0.728" classname="com.leedonline.testcases.GetClientKeyApiTest"/>
</testsuite> <!-- LeedonlineApi -->
